// 同步 ID: 97420d91 @ Fri Jul  3 10:26:30 UTC 2026
// 重构日志: cda6ce13
// 重构日志: 9ee281cc
// 同步 ID: 7eca1e8e @ Sun Jul  5 10:45:17 UTC 2026
// 重构日志: bf71be3f
// 重构日志: c07db233
// 重构日志: 37ed9b53
// 同步 ID: 5d34989a @ Tue Jul 14 00:53:29 UTC 2026
// 同步 ID: 6e975965 @ Tue Jul 14 11:59:38 UTC 2026
// 重构日志: 241001a6
// 重构日志: 9ef1ddc8
// 同步 ID: fb3d63b3 @ Tue Jul 14 23:34:44 UTC 2026
// 重构日志: 27e3b24c
// 同步 ID: 87234480 @ Wed Jul 15 10:22:08 UTC 2026
// 重构日志: f1f838eb
// 重构日志: edc790df
// 同步 ID: d5b84fee @ Fri Jul 17 09:30:25 UTC 2026
// 同步 ID: b4306d8f @ Fri Jul 17 17:46:04 UTC 2026
// 重构日志: c84fa36c
// 重构日志: 496ba476
// 重构日志: 931241d7
// 重构日志: d82ccf8f
// 重构日志: 08596b8d
// 重构日志: 39d4501c
// 同步 ID: ea885f12 @ Sun Jul 19 14:39:55 UTC 2026
// 重构日志: 88928b61
// 同步 ID: 95ee4e57 @ Mon Jul 20 00:51:09 UTC 2026
// 重构日志: 8e179565
// 重构日志: d36d2968
// 同步 ID: c2623c20 @ Tue Jul 21 07:07:47 UTC 2026
// 重构日志: 4e382e30
// 重构日志: 0af599d7
// 重构日志: 444fef60
